<?xml version="1.0" encoding="UTF-8"?>
<coverage generated="1769190263741" clover="3.2.0">
  <project timestamp="1769190263741" name="All files">
    <metrics statements="244" coveredstatements="232" conditionals="83" coveredconditionals="70" methods="85" coveredmethods="71" elements="412" coveredelements="373" complexity="0" loc="244" ncloc="244" packages="1" files="9" classes="9"/>
    <file name="connectrpc.ts" path="/data/funduck/connectrpc-fastify/src/connectrpc.ts">
      <metrics statements="24" coveredstatements="24" conditionals="6" coveredconditionals="4" methods="9" coveredmethods="9"/>
      <line num="3" count="7" type="stmt"/>
      <line num="4" count="7" type="stmt"/>
      <line num="5" count="7" type="stmt"/>
      <line num="14" count="7" type="stmt"/>
      <line num="15" count="7" type="stmt"/>
      <line num="24" count="13" type="stmt"/>
      <line num="29" count="24" type="stmt"/>
      <line num="34" count="9" type="stmt"/>
      <line num="42" count="8" type="stmt"/>
      <line num="54" count="8" type="cond" truecount="1" falsecount="1"/>
      <line num="55" count="8" type="stmt"/>
      <line num="57" count="8" type="cond" truecount="2" falsecount="0"/>
      <line num="58" count="3" type="stmt"/>
      <line num="60" count="8" type="stmt"/>
      <line num="61" count="8" type="cond" truecount="1" falsecount="1"/>
      <line num="62" count="8" type="stmt"/>
      <line num="68" count="12" type="stmt"/>
      <line num="69" count="12" type="stmt"/>
      <line num="70" count="12" type="stmt"/>
      <line num="71" count="12" type="stmt"/>
      <line num="75" count="3" type="stmt"/>
      <line num="79" count="8" type="stmt"/>
      <line num="86" count="8" type="stmt"/>
      <line num="93" count="7" type="stmt"/>
    </file>
    <file name="context-values.ts" path="/data/funduck/connectrpc-fastify/src/context-values.ts">
      <metrics statements="16" coveredstatements="16" conditionals="2" coveredconditionals="2" methods="6" coveredmethods="6"/>
      <line num="1" count="9" type="stmt"/>
      <line num="12" count="9" type="stmt"/>
      <line num="13" count="74" type="stmt"/>
      <line num="19" count="17" type="cond" truecount="2" falsecount="0"/>
      <line num="20" count="12" type="stmt"/>
      <line num="22" count="5" type="stmt"/>
      <line num="29" count="23" type="stmt"/>
      <line num="30" count="23" type="stmt"/>
      <line num="37" count="5" type="stmt"/>
      <line num="38" count="5" type="stmt"/>
      <line num="46" count="47" type="stmt"/>
      <line num="47" count="6" type="stmt"/>
      <line num="55" count="9" type="stmt"/>
      <line num="56" count="55" type="stmt"/>
      <line num="59" count="9" type="stmt"/>
      <line num="62" count="9" type="stmt"/>
    </file>
    <file name="fastify-plugin.ts" path="/data/funduck/connectrpc-fastify/src/fastify-plugin.ts">
      <metrics statements="29" coveredstatements="26" conditionals="9" coveredconditionals="6" methods="2" coveredmethods="2"/>
      <line num="3" count="7" type="stmt"/>
      <line num="6" count="7" type="stmt"/>
      <line num="7" count="7" type="stmt"/>
      <line num="8" count="7" type="stmt"/>
      <line num="10" count="7" type="stmt"/>
      <line num="17" count="8" type="stmt"/>
      <line num="19" count="8" type="stmt"/>
      <line num="21" count="8" type="stmt"/>
      <line num="24" count="8" type="stmt"/>
      <line num="25" count="24" type="stmt"/>
      <line num="27" count="24" type="stmt"/>
      <line num="29" count="24" type="cond" truecount="1" falsecount="1"/>
      <line num="30" count="24" type="stmt"/>
      <line num="32" count="24" type="cond" truecount="1" falsecount="1"/>
      <line num="34" count="24" type="stmt"/>
      <line num="35" count="24" type="stmt"/>
      <line num="38" count="24" type="stmt"/>
      <line num="47" count="24" type="stmt"/>
      <line num="51" count="0" type="stmt"/>
      <line num="58" count="8" type="stmt"/>
      <line num="61" count="8" type="stmt"/>
      <line num="62" count="8" type="stmt"/>
      <line num="63" count="8" type="stmt"/>
      <line num="64" count="8" type="stmt"/>
      <line num="68" count="8" type="cond" truecount="1" falsecount="1"/>
      <line num="69" count="0" type="stmt"/>
      <line num="70" count="0" type="stmt"/>
      <line num="73" count="8" type="stmt"/>
      <line num="86" count="8" type="stmt"/>
    </file>
    <file name="helpers.ts" path="/data/funduck/connectrpc-fastify/src/helpers.ts">
      <metrics statements="45" coveredstatements="36" conditionals="24" coveredconditionals="20" methods="22" coveredmethods="13"/>
      <line num="9" count="8" type="stmt"/>
      <line num="14" count="118" type="stmt"/>
      <line num="15" count="118" type="stmt"/>
      <line num="16" count="118" type="stmt"/>
      <line num="17" count="118" type="cond" truecount="2" falsecount="0"/>
      <line num="18" count="2" type="stmt"/>
      <line num="20" count="116" type="stmt"/>
      <line num="24" count="0" type="stmt"/>
      <line num="32" count="8" type="stmt"/>
      <line num="35" count="0" type="stmt"/>
      <line num="36" count="0" type="stmt"/>
      <line num="40" count="8" type="stmt"/>
      <line num="42" count="3" type="stmt"/>
      <line num="45" count="4" type="stmt"/>
      <line num="48" count="0" type="stmt"/>
      <line num="51" count="0" type="stmt"/>
      <line num="54" count="0" type="stmt"/>
      <line num="58" count="8" type="stmt"/>
      <line num="59" count="13" type="cond" truecount="1" falsecount="1"/>
      <line num="60" count="13" type="cond" truecount="1" falsecount="1"/>
      <line num="62" count="13" type="stmt"/>
      <line num="70" count="13" type="stmt"/>
      <line num="72" count="0" type="stmt"/>
      <line num="78" count="8" type="stmt"/>
      <line num="79" count="46" type="stmt"/>
      <line num="83" count="8" type="stmt"/>
      <line num="86" count="37" type="stmt"/>
      <line num="90" count="11" type="cond" truecount="2" falsecount="0"/>
      <line num="95" count="15" type="stmt"/>
      <line num="98" count="79" type="stmt"/>
      <line num="100" count="79" type="cond" truecount="1" falsecount="1"/>
      <line num="102" count="0" type="stmt"/>
      <line num="105" count="79" type="stmt"/>
      <line num="107" count="79" type="stmt"/>
      <line num="109" count="79" type="stmt"/>
      <line num="111" count="233" type="cond" truecount="4" falsecount="0"/>
      <line num="112" count="66" type="stmt"/>
      <line num="116" count="167" type="cond" truecount="3" falsecount="1"/>
      <line num="117" count="0" type="stmt"/>
      <line num="121" count="167" type="cond" truecount="4" falsecount="0"/>
      <line num="122" count="17" type="stmt"/>
      <line num="125" count="150" type="stmt"/>
      <line num="128" count="79" type="stmt"/>
      <line num="133" count="8" type="stmt"/>
      <line num="134" count="81" type="cond" truecount="2" falsecount="0"/>
    </file>
    <file name="index.ts" path="/data/funduck/connectrpc-fastify/src/index.ts">
      <metrics statements="10" coveredstatements="10" conditionals="0" coveredconditionals="0" methods="9" coveredmethods="4"/>
      <line num="1" count="5" type="stmt"/>
      <line num="2" count="3" type="stmt"/>
      <line num="7" count="67" type="stmt"/>
      <line num="9" count="5" type="stmt"/>
      <line num="10" count="5" type="stmt"/>
      <line num="11" count="5" type="stmt"/>
      <line num="12" count="5" type="stmt"/>
      <line num="13" count="5" type="stmt"/>
      <line num="16" count="29" type="stmt"/>
      <line num="30" count="6" type="stmt"/>
    </file>
    <file name="interceptors.ts" path="/data/funduck/connectrpc-fastify/src/interceptors.ts">
      <metrics statements="35" coveredstatements="35" conditionals="14" coveredconditionals="11" methods="5" coveredmethods="5"/>
      <line num="2" count="7" type="stmt"/>
      <line num="6" count="7" type="stmt"/>
      <line num="8" count="7" type="stmt"/>
      <line num="9" count="7" type="stmt"/>
      <line num="20" count="44" type="stmt"/>
      <line num="22" count="44" type="stmt"/>
      <line num="24" count="44" type="cond" truecount="1" falsecount="1"/>
      <line num="25" count="44" type="stmt"/>
      <line num="27" count="44" type="cond" truecount="1" falsecount="1"/>
      <line num="29" count="44" type="stmt"/>
      <line num="30" count="1" type="stmt"/>
      <line num="38" count="44" type="stmt"/>
      <line num="39" count="44" type="cond" truecount="1" falsecount="1"/>
      <line num="41" count="44" type="stmt"/>
      <line num="42" count="44" type="stmt"/>
      <line num="46" count="44" type="stmt"/>
      <line num="50" count="7" type="stmt"/>
      <line num="52" count="7" type="stmt"/>
      <line num="53" count="5" type="stmt"/>
      <line num="54" count="5" type="stmt"/>
      <line num="56" count="5" type="stmt"/>
      <line num="57" count="11" type="stmt"/>
      <line num="59" count="11" type="cond" truecount="2" falsecount="0"/>
      <line num="60" count="1" type="stmt"/>
      <line num="63" count="1" type="stmt"/>
      <line num="67" count="33" type="stmt"/>
      <line num="68" count="33" type="stmt"/>
      <line num="69" count="33" type="stmt"/>
      <line num="70" count="33" type="cond" truecount="2" falsecount="0"/>
      <line num="71" count="32" type="stmt"/>
      <line num="73" count="1" type="stmt"/>
      <line num="77" count="10" type="stmt"/>
      <line num="79" count="10" type="cond" truecount="2" falsecount="0"/>
      <line num="82" count="10" type="cond" truecount="2" falsecount="0"/>
      <line num="85" count="10" type="stmt"/>
    </file>
    <file name="interfaces.ts" path="/data/funduck/connectrpc-fastify/src/interfaces.ts">
      <metrics statements="4" coveredstatements="4" conditionals="0" coveredconditionals="0" methods="2" coveredmethods="2"/>
      <line num="172" count="7" type="stmt"/>
      <line num="177" count="27" type="stmt"/>
      <line num="209" count="7" type="stmt"/>
      <line num="214" count="11" type="stmt"/>
    </file>
    <file name="middlewares.ts" path="/data/funduck/connectrpc-fastify/src/middlewares.ts">
      <metrics statements="41" coveredstatements="41" conditionals="14" coveredconditionals="13" methods="7" coveredmethods="7"/>
      <line num="2" count="7" type="stmt"/>
      <line num="3" count="7" type="stmt"/>
      <line num="10" count="7" type="stmt"/>
      <line num="12" count="7" type="stmt"/>
      <line num="15" count="46" type="stmt"/>
      <line num="17" count="46" type="stmt"/>
      <line num="20" count="46" type="stmt"/>
      <line num="26" count="7" type="stmt"/>
      <line num="27" count="3" type="stmt"/>
      <line num="29" count="3" type="cond" truecount="2" falsecount="0"/>
      <line num="30" count="2" type="stmt"/>
      <line num="32" count="2" type="cond" truecount="2" falsecount="0"/>
      <line num="33" count="1" type="stmt"/>
      <line num="37" count="2" type="stmt"/>
      <line num="41" count="47" type="stmt"/>
      <line num="43" count="47" type="cond" truecount="1" falsecount="1"/>
      <line num="44" count="47" type="stmt"/>
      <line num="48" count="7" type="stmt"/>
      <line num="53" count="11" type="stmt"/>
      <line num="54" count="46" type="stmt"/>
      <line num="57" count="46" type="stmt"/>
      <line num="58" count="47" type="stmt"/>
      <line num="63" count="11" type="stmt"/>
      <line num="64" count="27" type="stmt"/>
      <line num="66" count="27" type="cond" truecount="2" falsecount="0"/>
      <line num="67" count="1" type="stmt"/>
      <line num="70" count="1" type="stmt"/>
      <line num="73" count="26" type="cond" truecount="2" falsecount="0"/>
      <line num="76" count="26" type="cond" truecount="2" falsecount="0"/>
      <line num="79" count="26" type="stmt"/>
      <line num="84" count="10" type="stmt"/>
      <line num="86" count="10" type="stmt"/>
      <line num="87" count="46" type="stmt"/>
      <line num="88" count="46" type="stmt"/>
      <line num="90" count="46" type="stmt"/>
      <line num="91" count="46" type="stmt"/>
      <line num="92" count="118" type="stmt"/>
      <line num="93" count="118" type="stmt"/>
      <line num="96" count="2" type="stmt"/>
      <line num="97" count="2" type="cond" truecount="2" falsecount="0"/>
      <line num="98" count="1" type="stmt"/>
    </file>
    <file name="stores.ts" path="/data/funduck/connectrpc-fastify/src/stores.ts">
      <metrics statements="40" coveredstatements="40" conditionals="14" coveredconditionals="14" methods="23" coveredmethods="23"/>
      <line num="3" count="8" type="stmt"/>
      <line num="7" count="8" type="stmt"/>
      <line num="16" count="10" type="stmt"/>
      <line num="24" count="37" type="stmt"/>
      <line num="31" count="12" type="stmt"/>
      <line num="32" count="12" type="cond" truecount="2" falsecount="0"/>
      <line num="33" count="1" type="stmt"/>
      <line num="37" count="11" type="stmt"/>
      <line num="44" count="8" type="stmt"/>
      <line num="50" count="8" type="stmt"/>
      <line num="54" count="37" type="stmt"/>
      <line num="61" count="30" type="stmt"/>
      <line num="62" count="30" type="cond" truecount="2" falsecount="0"/>
      <line num="63" count="1" type="stmt"/>
      <line num="67" count="29" type="stmt"/>
      <line num="74" count="148" type="cond" truecount="2" falsecount="0"/>
      <line num="78" count="8" type="stmt"/>
      <line num="84" count="8" type="stmt"/>
      <line num="98" count="37" type="stmt"/>
      <line num="118" count="29" type="stmt"/>
      <line num="119" count="29" type="stmt"/>
      <line num="133" count="48" type="cond" truecount="2" falsecount="0"/>
      <line num="140" count="1" type="stmt"/>
      <line num="144" count="8" type="stmt"/>
      <line num="158" count="8" type="stmt"/>
      <line num="162" count="22" type="stmt"/>
      <line num="169" count="52" type="stmt"/>
      <line num="176" count="53" type="cond" truecount="2" falsecount="0"/>
      <line num="183" count="48" type="stmt"/>
      <line num="187" count="8" type="stmt"/>
      <line num="190" count="8" type="stmt"/>
      <line num="194" count="37" type="stmt"/>
      <line num="201" count="14" type="stmt"/>
      <line num="202" count="14" type="stmt"/>
      <line num="203" count="14" type="cond" truecount="2" falsecount="0"/>
      <line num="204" count="1" type="stmt"/>
      <line num="208" count="13" type="stmt"/>
      <line num="215" count="14" type="stmt"/>
      <line num="216" count="14" type="cond" truecount="2" falsecount="0"/>
      <line num="220" count="8" type="stmt"/>
    </file>
  </project>
</coverage>
