{"total": {"lines":{"total":285,"covered":263,"skipped":0,"pct":92.28},"statements":{"total":294,"covered":272,"skipped":0,"pct":92.51},"functions":{"total":90,"covered":75,"skipped":0,"pct":83.33},"branches":{"total":93,"covered":70,"skipped":0,"pct":75.26},"branchesTrue":{"total":0,"covered":0,"skipped":0,"pct":"Unknown"}}
,"/data/funduck/connectrpc-fastify/src/config.ts": {"lines":{"total":3,"covered":3,"skipped":0,"pct":100},"functions":{"total":1,"covered":1,"skipped":0,"pct":100},"statements":{"total":3,"covered":3,"skipped":0,"pct":100},"branches":{"total":0,"covered":0,"skipped":0,"pct":100}}
,"/data/funduck/connectrpc-fastify/src/connectrpc.ts": {"lines":{"total":31,"covered":30,"skipped":0,"pct":96.77},"functions":{"total":12,"covered":11,"skipped":0,"pct":91.66},"statements":{"total":31,"covered":30,"skipped":0,"pct":96.77},"branches":{"total":6,"covered":3,"skipped":0,"pct":50}}
,"/data/funduck/connectrpc-fastify/src/context-values.ts": {"lines":{"total":16,"covered":16,"skipped":0,"pct":100},"functions":{"total":6,"covered":6,"skipped":0,"pct":100},"statements":{"total":16,"covered":16,"skipped":0,"pct":100},"branches":{"total":2,"covered":2,"skipped":0,"pct":100}}
,"/data/funduck/connectrpc-fastify/src/controllers.ts": {"lines":{"total":18,"covered":17,"skipped":0,"pct":94.44},"functions":{"total":1,"covered":1,"skipped":0,"pct":100},"statements":{"total":18,"covered":17,"skipped":0,"pct":94.44},"branches":{"total":4,"covered":2,"skipped":0,"pct":50}}
,"/data/funduck/connectrpc-fastify/src/fastify-plugin.ts": {"lines":{"total":14,"covered":12,"skipped":0,"pct":85.71},"functions":{"total":2,"covered":2,"skipped":0,"pct":100},"statements":{"total":14,"covered":12,"skipped":0,"pct":85.71},"branches":{"total":5,"covered":4,"skipped":0,"pct":80}}
,"/data/funduck/connectrpc-fastify/src/helpers.ts": {"lines":{"total":26,"covered":16,"skipped":0,"pct":61.53},"functions":{"total":16,"covered":7,"skipped":0,"pct":43.75},"statements":{"total":26,"covered":16,"skipped":0,"pct":61.53},"branches":{"total":10,"covered":4,"skipped":0,"pct":40}}
,"/data/funduck/connectrpc-fastify/src/index.ts": {"lines":{"total":10,"covered":10,"skipped":0,"pct":100},"functions":{"total":9,"covered":4,"skipped":0,"pct":44.44},"statements":{"total":14,"covered":14,"skipped":0,"pct":100},"branches":{"total":0,"covered":0,"skipped":0,"pct":100}}
,"/data/funduck/connectrpc-fastify/src/interceptors.ts": {"lines":{"total":47,"covered":44,"skipped":0,"pct":93.61},"functions":{"total":5,"covered":5,"skipped":0,"pct":100},"statements":{"total":50,"covered":47,"skipped":0,"pct":94},"branches":{"total":18,"covered":13,"skipped":0,"pct":72.22}}
,"/data/funduck/connectrpc-fastify/src/interfaces.ts": {"lines":{"total":4,"covered":4,"skipped":0,"pct":100},"functions":{"total":2,"covered":2,"skipped":0,"pct":100},"statements":{"total":4,"covered":4,"skipped":0,"pct":100},"branches":{"total":0,"covered":0,"skipped":0,"pct":100}}
,"/data/funduck/connectrpc-fastify/src/middlewares.ts": {"lines":{"total":57,"covered":53,"skipped":0,"pct":92.98},"functions":{"total":10,"covered":10,"skipped":0,"pct":100},"statements":{"total":57,"covered":53,"skipped":0,"pct":92.98},"branches":{"total":20,"covered":15,"skipped":0,"pct":75}}
,"/data/funduck/connectrpc-fastify/src/route-config-checker.ts": {"lines":{"total":19,"covered":18,"skipped":0,"pct":94.73},"functions":{"total":3,"covered":3,"skipped":0,"pct":100},"statements":{"total":20,"covered":19,"skipped":0,"pct":95},"branches":{"total":14,"covered":13,"skipped":0,"pct":92.85}}
,"/data/funduck/connectrpc-fastify/src/stores.ts": {"lines":{"total":40,"covered":40,"skipped":0,"pct":100},"functions":{"total":23,"covered":23,"skipped":0,"pct":100},"statements":{"total":41,"covered":41,"skipped":0,"pct":100},"branches":{"total":14,"covered":14,"skipped":0,"pct":100}}
}
