{"total": {"lines":{"total":244,"covered":232,"skipped":0,"pct":95.08},"statements":{"total":253,"covered":241,"skipped":0,"pct":95.25},"functions":{"total":85,"covered":71,"skipped":0,"pct":83.52},"branches":{"total":83,"covered":70,"skipped":0,"pct":84.33},"branchesTrue":{"total":0,"covered":0,"skipped":0,"pct":"Unknown"}}
,"/data/funduck/connectrpc-fastify/src/connectrpc.ts": {"lines":{"total":24,"covered":24,"skipped":0,"pct":100},"functions":{"total":9,"covered":9,"skipped":0,"pct":100},"statements":{"total":24,"covered":24,"skipped":0,"pct":100},"branches":{"total":6,"covered":4,"skipped":0,"pct":66.66}}
,"/data/funduck/connectrpc-fastify/src/context-values.ts": {"lines":{"total":16,"covered":16,"skipped":0,"pct":100},"functions":{"total":6,"covered":6,"skipped":0,"pct":100},"statements":{"total":16,"covered":16,"skipped":0,"pct":100},"branches":{"total":2,"covered":2,"skipped":0,"pct":100}}
,"/data/funduck/connectrpc-fastify/src/fastify-plugin.ts": {"lines":{"total":29,"covered":26,"skipped":0,"pct":89.65},"functions":{"total":2,"covered":2,"skipped":0,"pct":100},"statements":{"total":29,"covered":26,"skipped":0,"pct":89.65},"branches":{"total":9,"covered":6,"skipped":0,"pct":66.66}}
,"/data/funduck/connectrpc-fastify/src/helpers.ts": {"lines":{"total":45,"covered":36,"skipped":0,"pct":80},"functions":{"total":22,"covered":13,"skipped":0,"pct":59.09},"statements":{"total":46,"covered":37,"skipped":0,"pct":80.43},"branches":{"total":24,"covered":20,"skipped":0,"pct":83.33}}
,"/data/funduck/connectrpc-fastify/src/index.ts": {"lines":{"total":10,"covered":10,"skipped":0,"pct":100},"functions":{"total":9,"covered":4,"skipped":0,"pct":44.44},"statements":{"total":14,"covered":14,"skipped":0,"pct":100},"branches":{"total":0,"covered":0,"skipped":0,"pct":100}}
,"/data/funduck/connectrpc-fastify/src/interceptors.ts": {"lines":{"total":35,"covered":35,"skipped":0,"pct":100},"functions":{"total":5,"covered":5,"skipped":0,"pct":100},"statements":{"total":38,"covered":38,"skipped":0,"pct":100},"branches":{"total":14,"covered":11,"skipped":0,"pct":78.57}}
,"/data/funduck/connectrpc-fastify/src/interfaces.ts": {"lines":{"total":4,"covered":4,"skipped":0,"pct":100},"functions":{"total":2,"covered":2,"skipped":0,"pct":100},"statements":{"total":4,"covered":4,"skipped":0,"pct":100},"branches":{"total":0,"covered":0,"skipped":0,"pct":100}}
,"/data/funduck/connectrpc-fastify/src/middlewares.ts": {"lines":{"total":41,"covered":41,"skipped":0,"pct":100},"functions":{"total":7,"covered":7,"skipped":0,"pct":100},"statements":{"total":41,"covered":41,"skipped":0,"pct":100},"branches":{"total":14,"covered":13,"skipped":0,"pct":92.85}}
,"/data/funduck/connectrpc-fastify/src/stores.ts": {"lines":{"total":40,"covered":40,"skipped":0,"pct":100},"functions":{"total":23,"covered":23,"skipped":0,"pct":100},"statements":{"total":41,"covered":41,"skipped":0,"pct":100},"branches":{"total":14,"covered":14,"skipped":0,"pct":100}}
}
