{"/data/funduck/connectrpc-fastify/src/connectrpc.ts": {"path":"/data/funduck/connectrpc-fastify/src/connectrpc.ts","statementMap":{"0":{"start":{"line":3,"column":0},"end":{"line":3,"column":57}},"1":{"start":{"line":4,"column":0},"end":{"line":4,"column":38}},"2":{"start":{"line":5,"column":0},"end":{"line":5,"column":50}},"3":{"start":{"line":14,"column":0},"end":{"line":14,"column":48}},"4":{"start":{"line":15,"column":0},"end":{"line":15,"column":null}},"5":{"start":{"line":24,"column":4},"end":{"line":24,"column":28}},"6":{"start":{"line":29,"column":4},"end":{"line":29,"column":43}},"7":{"start":{"line":34,"column":4},"end":{"line":34,"column":44}},"8":{"start":{"line":42,"column":4},"end":{"line":42,"column":53}},"9":{"start":{"line":54,"column":4},"end":{"line":56,"column":5}},"10":{"start":{"line":55,"column":6},"end":{"line":55,"column":37}},"11":{"start":{"line":57,"column":4},"end":{"line":59,"column":5}},"12":{"start":{"line":58,"column":6},"end":{"line":58,"column":50}},"13":{"start":{"line":60,"column":4},"end":{"line":60,"column":45}},"14":{"start":{"line":61,"column":4},"end":{"line":63,"column":5}},"15":{"start":{"line":62,"column":6},"end":{"line":62,"column":56}},"16":{"start":{"line":68,"column":4},"end":{"line":68,"column":29}},"17":{"start":{"line":69,"column":4},"end":{"line":69,"column":31}},"18":{"start":{"line":70,"column":4},"end":{"line":70,"column":28}},"19":{"start":{"line":71,"column":4},"end":{"line":71,"column":29}},"20":{"start":{"line":75,"column":4},"end":{"line":75,"column":30}},"21":{"start":{"line":79,"column":4},"end":{"line":79,"column":41}},"22":{"start":{"line":86,"column":4},"end":{"line":86,"column":54}},"23":{"start":{"line":93,"column":13},"end":{"line":93,"column":48}}},"fnMap":{"0":{"name":"(anonymous_0)","decl":{"start":{"line":23,"column":2},"end":{"line":23,"column":11}},"loc":{"start":{"line":23,"column":42},"end":{"line":25,"column":3}}},"1":{"name":"(anonymous_1)","decl":{"start":{"line":28,"column":2},"end":{"line":28,"column":20}},"loc":{"start":{"line":28,"column":37},"end":{"line":30,"column":3}}},"2":{"name":"(anonymous_2)","decl":{"start":{"line":33,"column":2},"end":{"line":33,"column":21}},"loc":{"start":{"line":33,"column":39},"end":{"line":35,"column":3}}},"3":{"name":"(anonymous_3)","decl":{"start":{"line":38,"column":2},"end":{"line":38,"column":20}},"loc":{"start":{"line":40,"column":26},"end":{"line":43,"column":3}}},"4":{"name":"(anonymous_4)","decl":{"start":{"line":46,"column":2},"end":{"line":46,"column":7}},"loc":{"start":{"line":52,"column":5},"end":{"line":64,"column":3}}},"5":{"name":"(anonymous_5)","decl":{"start":{"line":67,"column":2},"end":{"line":67,"column":7}},"loc":{"start":{"line":67,"column":7},"end":{"line":72,"column":3}}},"6":{"name":"(anonymous_6)","decl":{"start":{"line":74,"column":2},"end":{"line":74,"column":18}},"loc":{"start":{"line":74,"column":52},"end":{"line":76,"column":3}}},"7":{"name":"(anonymous_7)","decl":{"start":{"line":78,"column":2},"end":{"line":78,"column":23}},"loc":{"start":{"line":78,"column":47},"end":{"line":80,"column":3}}},"8":{"name":"(anonymous_8)","decl":{"start":{"line":82,"column":2},"end":{"line":82,"column":17}},"loc":{"start":{"line":84,"column":46},"end":{"line":87,"column":3}}}},"branchMap":{"0":{"loc":{"start":{"line":54,"column":4},"end":{"line":56,"column":5}},"type":"if","locations":[{"start":{"line":54,"column":4},"end":{"line":56,"column":5}},{"start":{},"end":{}}]},"1":{"loc":{"start":{"line":57,"column":4},"end":{"line":59,"column":5}},"type":"if","locations":[{"start":{"line":57,"column":4},"end":{"line":59,"column":5}},{"start":{},"end":{}}]},"2":{"loc":{"start":{"line":61,"column":4},"end":{"line":63,"column":5}},"type":"if","locations":[{"start":{"line":61,"column":4},"end":{"line":63,"column":5}},{"start":{},"end":{}}]}},"s":{"0":7,"1":7,"2":7,"3":7,"4":7,"5":13,"6":24,"7":9,"8":8,"9":8,"10":8,"11":8,"12":3,"13":8,"14":8,"15":8,"16":12,"17":12,"18":12,"19":12,"20":3,"21":8,"22":8,"23":7},"f":{"0":13,"1":24,"2":9,"3":8,"4":8,"5":12,"6":3,"7":8,"8":8},"b":{"0":[8,0],"1":[3,5],"2":[8,0]}}
,"/data/funduck/connectrpc-fastify/src/context-values.ts": {"path":"/data/funduck/connectrpc-fastify/src/context-values.ts","statementMap":{"0":{"start":{"line":55,"column":0},"end":{"line":55,"column":16}},"1":{"start":{"line":1,"column":0},"end":{"line":1,"column":null}},"2":{"start":{"line":13,"column":10},"end":{"line":13,"column":46}},"3":{"start":{"line":19,"column":4},"end":{"line":21,"column":5}},"4":{"start":{"line":20,"column":6},"end":{"line":20,"column":42}},"5":{"start":{"line":22,"column":4},"end":{"line":22,"column":28}},"6":{"start":{"line":29,"column":4},"end":{"line":29,"column":35}},"7":{"start":{"line":30,"column":4},"end":{"line":30,"column":16}},"8":{"start":{"line":37,"column":4},"end":{"line":37,"column":31}},"9":{"start":{"line":38,"column":4},"end":{"line":38,"column":16}},"10":{"start":{"line":46,"column":4},"end":{"line":48,"column":5}},"11":{"start":{"line":47,"column":6},"end":{"line":47,"column":24}},"12":{"start":{"line":12,"column":0},"end":{"line":12,"column":13}},"13":{"start":{"line":56,"column":2},"end":{"line":56,"column":35}},"14":{"start":{"line":59,"column":13},"end":{"line":61,"column":2}},"15":{"start":{"line":62,"column":13},"end":{"line":64,"column":2}}},"fnMap":{"0":{"name":"(anonymous_0)","decl":{"start":{"line":12,"column":0},"end":{"line":12,"column":13}},"loc":{"start":{"line":12,"column":0},"end":{"line":50,"column":1}}},"1":{"name":"(anonymous_1)","decl":{"start":{"line":18,"column":2},"end":{"line":18,"column":5}},"loc":{"start":{"line":18,"column":27},"end":{"line":23,"column":3}}},"2":{"name":"(anonymous_2)","decl":{"start":{"line":28,"column":2},"end":{"line":28,"column":5}},"loc":{"start":{"line":28,"column":37},"end":{"line":31,"column":3}}},"3":{"name":"(anonymous_3)","decl":{"start":{"line":36,"column":2},"end":{"line":36,"column":8}},"loc":{"start":{"line":36,"column":33},"end":{"line":39,"column":3}}},"4":{"name":"(anonymous_4)","decl":{"start":{"line":45,"column":2},"end":{"line":45,"column":3}},"loc":{"start":{"line":45,"column":10},"end":{"line":49,"column":3}}},"5":{"name":"createCustomContextValues","decl":{"start":{"line":55,"column":16},"end":{"line":55,"column":41}},"loc":{"start":{"line":55,"column":41},"end":{"line":57,"column":1}}}},"branchMap":{"0":{"loc":{"start":{"line":19,"column":4},"end":{"line":21,"column":5}},"type":"if","locations":[{"start":{"line":19,"column":4},"end":{"line":21,"column":5}},{"start":{},"end":{}}]}},"s":{"0":9,"1":9,"2":74,"3":17,"4":12,"5":5,"6":23,"7":23,"8":5,"9":5,"10":47,"11":6,"12":9,"13":55,"14":9,"15":9},"f":{"0":74,"1":17,"2":23,"3":5,"4":47,"5":55},"b":{"0":[12,5]}}
,"/data/funduck/connectrpc-fastify/src/fastify-plugin.ts": {"path":"/data/funduck/connectrpc-fastify/src/fastify-plugin.ts","statementMap":{"0":{"start":{"line":10,"column":0},"end":{"line":10,"column":7}},"1":{"start":{"line":3,"column":0},"end":{"line":3,"column":67}},"2":{"start":{"line":6,"column":0},"end":{"line":6,"column":35}},"3":{"start":{"line":7,"column":0},"end":{"line":7,"column":77}},"4":{"start":{"line":8,"column":0},"end":{"line":8,"column":64}},"5":{"start":{"line":17,"column":26},"end":{"line":17,"column":57}},"6":{"start":{"line":19,"column":2},"end":{"line":59,"column":3}},"7":{"start":{"line":21,"column":32},"end":{"line":21,"column":34}},"8":{"start":{"line":24,"column":4},"end":{"line":56,"column":5}},"9":{"start":{"line":25,"column":35},"end":{"line":25,"column":45}},"10":{"start":{"line":27,"column":8},"end":{"line":27,"column":57}},"11":{"start":{"line":29,"column":6},"end":{"line":55,"column":7}},"12":{"start":{"line":30,"column":33},"end":{"line":30,"column":63}},"13":{"start":{"line":32,"column":8},"end":{"line":54,"column":9}},"14":{"start":{"line":34,"column":31},"end":{"line":34,"column":62}},"15":{"start":{"line":35,"column":10},"end":{"line":35,"column":62}},"16":{"start":{"line":38,"column":10},"end":{"line":45,"column":12}},"17":{"start":{"line":47,"column":10},"end":{"line":49,"column":12}},"18":{"start":{"line":51,"column":10},"end":{"line":53,"column":12}},"19":{"start":{"line":58,"column":4},"end":{"line":58,"column":49}},"20":{"start":{"line":61,"column":17},"end":{"line":66,"column":3}},"21":{"start":{"line":62,"column":4},"end":{"line":65,"column":5}},"22":{"start":{"line":63,"column":6},"end":{"line":63,"column":46}},"23":{"start":{"line":64,"column":6},"end":{"line":64,"column":60}},"24":{"start":{"line":68,"column":2},"end":{"line":71,"column":3}},"25":{"start":{"line":69,"column":4},"end":{"line":69,"column":52}},"26":{"start":{"line":70,"column":4},"end":{"line":70,"column":11}},"27":{"start":{"line":73,"column":2},"end":{"line":84,"column":5}},"28":{"start":{"line":86,"column":2},"end":{"line":86,"column":22}}},"fnMap":{"0":{"name":"registerFastifyPlugin","decl":{"start":{"line":10,"column":22},"end":{"line":10,"column":43}},"loc":{"start":{"line":14,"column":8},"end":{"line":87,"column":1}}},"1":{"name":"(anonymous_1)","decl":{"start":{"line":61,"column":17},"end":{"line":61,"column":18}},"loc":{"start":{"line":61,"column":43},"end":{"line":66,"column":3}}}},"branchMap":{"0":{"loc":{"start":{"line":12,"column":2},"end":{"line":14,"column":8}},"type":"default-arg","locations":[{"start":{"line":14,"column":6},"end":{"line":14,"column":8}}]},"1":{"loc":{"start":{"line":29,"column":6},"end":{"line":55,"column":7}},"type":"if","locations":[{"start":{"line":29,"column":6},"end":{"line":55,"column":7}},{"start":{},"end":{}}]},"2":{"loc":{"start":{"line":32,"column":8},"end":{"line":54,"column":9}},"type":"if","locations":[{"start":{"line":32,"column":8},"end":{"line":54,"column":9}},{"start":{"line":50,"column":15},"end":{"line":54,"column":9}}]},"3":{"loc":{"start":{"line":68,"column":2},"end":{"line":71,"column":3}},"type":"if","locations":[{"start":{"line":68,"column":2},"end":{"line":71,"column":3}},{"start":{},"end":{}}]},"4":{"loc":{"start":{"line":81,"column":23},"end":{"line":81,"column":54}},"type":"binary-expr","locations":[{"start":{"line":81,"column":23},"end":{"line":81,"column":48}},{"start":{"line":81,"column":52},"end":{"line":81,"column":54}}]}},"s":{"0":7,"1":7,"2":7,"3":7,"4":7,"5":8,"6":8,"7":8,"8":8,"9":24,"10":24,"11":24,"12":24,"13":24,"14":24,"15":24,"16":24,"17":24,"18":0,"19":8,"20":8,"21":8,"22":8,"23":8,"24":8,"25":0,"26":0,"27":8,"28":8},"f":{"0":8,"1":8},"b":{"0":[8],"1":[24,0],"2":[24,0],"3":[0,8],"4":[8,8]}}
,"/data/funduck/connectrpc-fastify/src/helpers.ts": {"path":"/data/funduck/connectrpc-fastify/src/helpers.ts","statementMap":{"0":{"start":{"line":9,"column":0},"end":{"line":9,"column":16}},"1":{"start":{"line":32,"column":0},"end":{"line":32,"column":16}},"2":{"start":{"line":58,"column":0},"end":{"line":58,"column":16}},"3":{"start":{"line":78,"column":0},"end":{"line":78,"column":16}},"4":{"start":{"line":83,"column":0},"end":{"line":83,"column":16}},"5":{"start":{"line":133,"column":0},"end":{"line":133,"column":16}},"6":{"start":{"line":14,"column":2},"end":{"line":26,"column":5}},"7":{"start":{"line":15,"column":4},"end":{"line":25,"column":5}},"8":{"start":{"line":16,"column":6},"end":{"line":22,"column":9}},"9":{"start":{"line":17,"column":8},"end":{"line":21,"column":9}},"10":{"start":{"line":18,"column":10},"end":{"line":18,"column":22}},"11":{"start":{"line":20,"column":10},"end":{"line":20,"column":20}},"12":{"start":{"line":24,"column":6},"end":{"line":24,"column":20}},"13":{"start":{"line":35,"column":2},"end":{"line":37,"column":4}},"14":{"start":{"line":36,"column":4},"end":{"line":36,"column":66}},"15":{"start":{"line":40,"column":11},"end":{"line":56,"column":2}},"16":{"start":{"line":42,"column":4},"end":{"line":42,"column":26}},"17":{"start":{"line":45,"column":4},"end":{"line":45,"column":27}},"18":{"start":{"line":48,"column":4},"end":{"line":48,"column":26}},"19":{"start":{"line":51,"column":4},"end":{"line":51,"column":27}},"20":{"start":{"line":54,"column":4},"end":{"line":54,"column":25}},"21":{"start":{"line":59,"column":2},"end":{"line":71,"column":3}},"22":{"start":{"line":60,"column":4},"end":{"line":69,"column":5}},"23":{"start":{"line":62,"column":6},"end":{"line":68,"column":8}},"24":{"start":{"line":70,"column":4},"end":{"line":70,"column":11}},"25":{"start":{"line":72,"column":2},"end":{"line":72,"column":24}},"26":{"start":{"line":79,"column":2},"end":{"line":79,"column":76}},"27":{"start":{"line":86,"column":24},"end":{"line":92,"column":5}},"28":{"start":{"line":86,"column":49},"end":{"line":92,"column":4}},"29":{"start":{"line":90,"column":40},"end":{"line":90,"column":71}},"30":{"start":{"line":95,"column":2},"end":{"line":129,"column":4}},"31":{"start":{"line":98,"column":18},"end":{"line":98,"column":51}},"32":{"start":{"line":100,"column":4},"end":{"line":103,"column":5}},"33":{"start":{"line":102,"column":6},"end":{"line":102,"column":16}},"34":{"start":{"line":105,"column":40},"end":{"line":105,"column":45}},"35":{"start":{"line":107,"column":32},"end":{"line":107,"column":34}},"36":{"start":{"line":109,"column":4},"end":{"line":126,"column":5}},"37":{"start":{"line":111,"column":6},"end":{"line":113,"column":7}},"38":{"start":{"line":112,"column":8},"end":{"line":112,"column":17}},"39":{"start":{"line":116,"column":6},"end":{"line":118,"column":7}},"40":{"start":{"line":117,"column":8},"end":{"line":117,"column":17}},"41":{"start":{"line":121,"column":6},"end":{"line":123,"column":7}},"42":{"start":{"line":122,"column":8},"end":{"line":122,"column":17}},"43":{"start":{"line":125,"column":6},"end":{"line":125,"column":34}},"44":{"start":{"line":128,"column":4},"end":{"line":128,"column":26}},"45":{"start":{"line":134,"column":2},"end":{"line":134,"column":41}}},"fnMap":{"0":{"name":"callMiddlewareAsync","decl":{"start":{"line":9,"column":16},"end":{"line":9,"column":35}},"loc":{"start":{"line":12,"column":19},"end":{"line":27,"column":1}}},"1":{"name":"(anonymous_1)","decl":{"start":{"line":14,"column":27},"end":{"line":14,"column":28}},"loc":{"start":{"line":14,"column":47},"end":{"line":26,"column":3}}},"2":{"name":"(anonymous_2)","decl":{"start":{"line":16,"column":39},"end":{"line":16,"column":40}},"loc":{"start":{"line":16,"column":53},"end":{"line":22,"column":7}}},"3":{"name":"convertMiddlewareToHook","decl":{"start":{"line":32,"column":16},"end":{"line":32,"column":39}},"loc":{"start":{"line":33,"column":25},"end":{"line":38,"column":1}}},"4":{"name":"(anonymous_4)","decl":{"start":{"line":35,"column":9},"end":{"line":35,"column":14}},"loc":{"start":{"line":35,"column":64},"end":{"line":37,"column":3}}},"5":{"name":"(anonymous_5)","decl":{"start":{"line":41,"column":7},"end":{"line":41,"column":8}},"loc":{"start":{"line":41,"column":26},"end":{"line":43,"column":3}}},"6":{"name":"(anonymous_6)","decl":{"start":{"line":44,"column":9},"end":{"line":44,"column":10}},"loc":{"start":{"line":44,"column":28},"end":{"line":46,"column":3}}},"7":{"name":"(anonymous_7)","decl":{"start":{"line":47,"column":8},"end":{"line":47,"column":9}},"loc":{"start":{"line":47,"column":27},"end":{"line":49,"column":3}}},"8":{"name":"(anonymous_8)","decl":{"start":{"line":50,"column":9},"end":{"line":50,"column":10}},"loc":{"start":{"line":50,"column":28},"end":{"line":52,"column":3}}},"9":{"name":"(anonymous_9)","decl":{"start":{"line":53,"column":11},"end":{"line":53,"column":12}},"loc":{"start":{"line":53,"column":30},"end":{"line":55,"column":3}}},"10":{"name":"setLogger","decl":{"start":{"line":58,"column":16},"end":{"line":58,"column":25}},"loc":{"start":{"line":58,"column":56},"end":{"line":73,"column":1}}},"11":{"name":"(anonymous_11)","decl":{"start":{"line":63,"column":13},"end":{"line":63,"column":16}},"loc":{"start":{"line":63,"column":18},"end":{"line":63,"column":21}}},"12":{"name":"(anonymous_12)","decl":{"start":{"line":64,"column":15},"end":{"line":64,"column":18}},"loc":{"start":{"line":64,"column":20},"end":{"line":64,"column":23}}},"13":{"name":"(anonymous_13)","decl":{"start":{"line":65,"column":14},"end":{"line":65,"column":17}},"loc":{"start":{"line":65,"column":19},"end":{"line":65,"column":22}}},"14":{"name":"(anonymous_14)","decl":{"start":{"line":66,"column":15},"end":{"line":66,"column":18}},"loc":{"start":{"line":66,"column":20},"end":{"line":66,"column":23}}},"15":{"name":"(anonymous_15)","decl":{"start":{"line":67,"column":17},"end":{"line":67,"column":20}},"loc":{"start":{"line":67,"column":22},"end":{"line":67,"column":25}}},"16":{"name":"generateRequestId","decl":{"start":{"line":78,"column":16},"end":{"line":78,"column":33}},"loc":{"start":{"line":78,"column":33},"end":{"line":80,"column":1}}},"17":{"name":"buildRouteConfigChecker","decl":{"start":{"line":83,"column":16},"end":{"line":83,"column":39}},"loc":{"start":{"line":85,"column":14},"end":{"line":130,"column":1}}},"18":{"name":"(anonymous_18)","decl":{"start":{"line":86,"column":36},"end":{"line":86,"column":37}},"loc":{"start":{"line":86,"column":49},"end":{"line":92,"column":4}}},"19":{"name":"(anonymous_19)","decl":{"start":{"line":90,"column":33},"end":{"line":90,"column":34}},"loc":{"start":{"line":90,"column":40},"end":{"line":90,"column":71}}},"20":{"name":"(anonymous_20)","decl":{"start":{"line":95,"column":9},"end":{"line":95,"column":10}},"loc":{"start":{"line":95,"column":42},"end":{"line":129,"column":3}}},"21":{"name":"getURLPath","decl":{"start":{"line":133,"column":16},"end":{"line":133,"column":26}},"loc":{"start":{"line":133,"column":38},"end":{"line":135,"column":1}}}},"branchMap":{"0":{"loc":{"start":{"line":17,"column":8},"end":{"line":21,"column":9}},"type":"if","locations":[{"start":{"line":17,"column":8},"end":{"line":21,"column":9}},{"start":{"line":19,"column":15},"end":{"line":21,"column":9}}]},"1":{"loc":{"start":{"line":59,"column":2},"end":{"line":71,"column":3}},"type":"if","locations":[{"start":{"line":59,"column":2},"end":{"line":71,"column":3}},{"start":{},"end":{}}]},"2":{"loc":{"start":{"line":60,"column":4},"end":{"line":69,"column":5}},"type":"if","locations":[{"start":{"line":60,"column":4},"end":{"line":69,"column":5}},{"start":{},"end":{}}]},"3":{"loc":{"start":{"line":90,"column":7},"end":{"line":90,"column":27}},"type":"binary-expr","locations":[{"start":{"line":90,"column":7},"end":{"line":90,"column":21}},{"start":{"line":90,"column":25},"end":{"line":90,"column":27}}]},"4":{"loc":{"start":{"line":100,"column":4},"end":{"line":103,"column":5}},"type":"if","locations":[{"start":{"line":100,"column":4},"end":{"line":103,"column":5}},{"start":{},"end":{}}]},"5":{"loc":{"start":{"line":111,"column":6},"end":{"line":113,"column":7}},"type":"if","locations":[{"start":{"line":111,"column":6},"end":{"line":113,"column":7}},{"start":{},"end":{}}]},"6":{"loc":{"start":{"line":111,"column":10},"end":{"line":111,"column":47}},"type":"binary-expr","locations":[{"start":{"line":111,"column":10},"end":{"line":111,"column":21}},{"start":{"line":111,"column":25},"end":{"line":111,"column":47}}]},"7":{"loc":{"start":{"line":116,"column":6},"end":{"line":118,"column":7}},"type":"if","locations":[{"start":{"line":116,"column":6},"end":{"line":118,"column":7}},{"start":{},"end":{}}]},"8":{"loc":{"start":{"line":116,"column":10},"end":{"line":116,"column":57}},"type":"binary-expr","locations":[{"start":{"line":116,"column":10},"end":{"line":116,"column":19}},{"start":{"line":116,"column":23},"end":{"line":116,"column":57}}]},"9":{"loc":{"start":{"line":121,"column":6},"end":{"line":123,"column":7}},"type":"if","locations":[{"start":{"line":121,"column":6},"end":{"line":123,"column":7}},{"start":{},"end":{}}]},"10":{"loc":{"start":{"line":121,"column":10},"end":{"line":121,"column":50}},"type":"binary-expr","locations":[{"start":{"line":121,"column":10},"end":{"line":121,"column":22}},{"start":{"line":121,"column":26},"end":{"line":121,"column":50}}]},"11":{"loc":{"start":{"line":134,"column":9},"end":{"line":134,"column":40}},"type":"binary-expr","locations":[{"start":{"line":134,"column":9},"end":{"line":134,"column":33}},{"start":{"line":134,"column":37},"end":{"line":134,"column":40}}]}},"s":{"0":8,"1":8,"2":8,"3":8,"4":8,"5":8,"6":118,"7":118,"8":118,"9":118,"10":2,"11":116,"12":0,"13":0,"14":0,"15":8,"16":3,"17":4,"18":0,"19":0,"20":0,"21":13,"22":13,"23":13,"24":13,"25":0,"26":46,"27":15,"28":37,"29":11,"30":15,"31":79,"32":79,"33":0,"34":79,"35":79,"36":79,"37":233,"38":66,"39":167,"40":0,"41":167,"42":17,"43":150,"44":79,"45":81},"f":{"0":118,"1":118,"2":118,"3":0,"4":0,"5":3,"6":4,"7":0,"8":0,"9":0,"10":13,"11":73,"12":0,"13":0,"14":0,"15":0,"16":46,"17":15,"18":37,"19":11,"20":79,"21":81},"b":{"0":[2,116],"1":[13,0],"2":[13,0],"3":[37,26],"4":[0,79],"5":[66,167],"6":[233,99],"7":[0,167],"8":[167,110],"9":[17,150],"10":[167,55],"11":[81,3]}}
,"/data/funduck/connectrpc-fastify/src/index.ts": {"path":"/data/funduck/connectrpc-fastify/src/index.ts","statementMap":{"0":{"start":{"line":1,"column":0},"end":{"line":1,"column":16}},"1":{"start":{"line":2,"column":2},"end":{"line":4,"column":4}},"2":{"start":{"line":7,"column":0},"end":{"line":7,"column":9}},"3":{"start":{"line":7,"column":9},"end":{"line":7,"column":42}},"4":{"start":{"line":9,"column":0},"end":{"line":9,"column":null}},"5":{"start":{"line":10,"column":2},"end":{"line":10,"column":null}},"6":{"start":{"line":11,"column":2},"end":{"line":11,"column":null}},"7":{"start":{"line":12,"column":2},"end":{"line":12,"column":null}},"8":{"start":{"line":13,"column":2},"end":{"line":13,"column":null}},"9":{"start":{"line":16,"column":0},"end":{"line":16,"column":9}},"10":{"start":{"line":16,"column":9},"end":{"line":16,"column":28}},"11":{"start":{"line":16,"column":28},"end":{"line":16,"column":67}},"12":{"start":{"line":30,"column":0},"end":{"line":30,"column":9}},"13":{"start":{"line":30,"column":9},"end":{"line":30,"column":55}}},"fnMap":{"0":{"name":"printMsg","decl":{"start":{"line":1,"column":16},"end":{"line":1,"column":24}},"loc":{"start":{"line":1,"column":24},"end":{"line":5,"column":1}}},"1":{"name":"(anonymous_1)","decl":{"start":{"line":7,"column":9},"end":{"line":7,"column":19}},"loc":{"start":{"line":7,"column":9},"end":{"line":7,"column":42}}},"2":{"name":"(anonymous_2)","decl":{"start":{"line":10,"column":2},"end":{"line":10,"column":21}},"loc":{"start":{"line":10,"column":2},"end":{"line":10,"column":null}}},"3":{"name":"(anonymous_3)","decl":{"start":{"line":11,"column":2},"end":{"line":11,"column":27}},"loc":{"start":{"line":11,"column":2},"end":{"line":11,"column":null}}},"4":{"name":"(anonymous_4)","decl":{"start":{"line":12,"column":2},"end":{"line":12,"column":28}},"loc":{"start":{"line":12,"column":2},"end":{"line":12,"column":null}}},"5":{"name":"(anonymous_5)","decl":{"start":{"line":13,"column":2},"end":{"line":13,"column":27}},"loc":{"start":{"line":13,"column":2},"end":{"line":13,"column":null}}},"6":{"name":"(anonymous_6)","decl":{"start":{"line":16,"column":9},"end":{"line":16,"column":26}},"loc":{"start":{"line":16,"column":9},"end":{"line":16,"column":28}}},"7":{"name":"(anonymous_7)","decl":{"start":{"line":16,"column":28},"end":{"line":16,"column":44}},"loc":{"start":{"line":16,"column":28},"end":{"line":16,"column":67}}},"8":{"name":"(anonymous_8)","decl":{"start":{"line":30,"column":9},"end":{"line":30,"column":31}},"loc":{"start":{"line":30,"column":9},"end":{"line":30,"column":55}}}},"branchMap":{},"s":{"0":5,"1":3,"2":5,"3":67,"4":5,"5":5,"6":5,"7":5,"8":5,"9":5,"10":5,"11":29,"12":5,"13":6},"f":{"0":3,"1":62,"2":0,"3":0,"4":0,"5":0,"6":0,"7":24,"8":1},"b":{}}
,"/data/funduck/connectrpc-fastify/src/interceptors.ts": {"path":"/data/funduck/connectrpc-fastify/src/interceptors.ts","statementMap":{"0":{"start":{"line":52,"column":0},"end":{"line":52,"column":16}},"1":{"start":{"line":2,"column":0},"end":{"line":2,"column":null}},"2":{"start":{"line":6,"column":0},"end":{"line":6,"column":72}},"3":{"start":{"line":8,"column":0},"end":{"line":8,"column":55}},"4":{"start":{"line":9,"column":0},"end":{"line":9,"column":null}},"5":{"start":{"line":20,"column":47},"end":{"line":47,"column":1}},"6":{"start":{"line":20,"column":57},"end":{"line":47,"column":1}},"7":{"start":{"line":22,"column":20},"end":{"line":22,"column":58}},"8":{"start":{"line":24,"column":2},"end":{"line":36,"column":3}},"9":{"start":{"line":25,"column":30},"end":{"line":25,"column":67}},"10":{"start":{"line":27,"column":4},"end":{"line":35,"column":5}},"11":{"start":{"line":29,"column":6},"end":{"line":34,"column":7}},"12":{"start":{"line":30,"column":8},"end":{"line":33,"column":10}},"13":{"start":{"line":38,"column":15},"end":{"line":38,"column":59}},"14":{"start":{"line":39,"column":2},"end":{"line":43,"column":3}},"15":{"start":{"line":41,"column":4},"end":{"line":41,"column":75}},"16":{"start":{"line":42,"column":4},"end":{"line":42,"column":77}},"17":{"start":{"line":46,"column":2},"end":{"line":46,"column":25}},"18":{"start":{"line":20,"column":13},"end":{"line":20,"column":47}},"19":{"start":{"line":50,"column":11},"end":{"line":50,"column":55}},"20":{"start":{"line":53,"column":23},"end":{"line":53,"column":55}},"21":{"start":{"line":54,"column":2},"end":{"line":54,"column":31}},"22":{"start":{"line":56,"column":2},"end":{"line":88,"column":3}},"23":{"start":{"line":57,"column":32},"end":{"line":57,"column":72}},"24":{"start":{"line":59,"column":4},"end":{"line":64,"column":5}},"25":{"start":{"line":60,"column":6},"end":{"line":62,"column":8}},"26":{"start":{"line":63,"column":6},"end":{"line":63,"column":22}},"27":{"start":{"line":67,"column":37},"end":{"line":75,"column":5}},"28":{"start":{"line":67,"column":47},"end":{"line":75,"column":5}},"29":{"start":{"line":68,"column":28},"end":{"line":68,"column":69}},"30":{"start":{"line":69,"column":26},"end":{"line":69,"column":50}},"31":{"start":{"line":70,"column":6},"end":{"line":74,"column":7}},"32":{"start":{"line":71,"column":8},"end":{"line":71,"column":56}},"33":{"start":{"line":73,"column":8},"end":{"line":73,"column":31}},"34":{"start":{"line":77,"column":4},"end":{"line":77,"column":46}},"35":{"start":{"line":79,"column":24},"end":{"line":81,"column":26}},"36":{"start":{"line":82,"column":23},"end":{"line":84,"column":22}},"37":{"start":{"line":85,"column":4},"end":{"line":87,"column":6}}},"fnMap":{"0":{"name":"(anonymous_0)","decl":{"start":{"line":20,"column":47},"end":{"line":20,"column":48}},"loc":{"start":{"line":20,"column":57},"end":{"line":47,"column":1}}},"1":{"name":"(anonymous_1)","decl":{"start":{"line":20,"column":57},"end":{"line":20,"column":62}},"loc":{"start":{"line":20,"column":71},"end":{"line":47,"column":1}}},"2":{"name":"initInterceptors","decl":{"start":{"line":52,"column":16},"end":{"line":52,"column":32}},"loc":{"start":{"line":52,"column":66},"end":{"line":89,"column":1}}},"3":{"name":"(anonymous_3)","decl":{"start":{"line":67,"column":37},"end":{"line":67,"column":38}},"loc":{"start":{"line":67,"column":47},"end":{"line":75,"column":5}}},"4":{"name":"(anonymous_4)","decl":{"start":{"line":67,"column":47},"end":{"line":67,"column":52}},"loc":{"start":{"line":67,"column":61},"end":{"line":75,"column":5}}}},"branchMap":{"0":{"loc":{"start":{"line":24,"column":2},"end":{"line":36,"column":3}},"type":"if","locations":[{"start":{"line":24,"column":2},"end":{"line":36,"column":3}},{"start":{},"end":{}}]},"1":{"loc":{"start":{"line":27,"column":4},"end":{"line":35,"column":5}},"type":"if","locations":[{"start":{"line":27,"column":4},"end":{"line":35,"column":5}},{"start":{},"end":{}}]},"2":{"loc":{"start":{"line":39,"column":2},"end":{"line":43,"column":3}},"type":"if","locations":[{"start":{"line":39,"column":2},"end":{"line":43,"column":3}},{"start":{},"end":{}}]},"3":{"loc":{"start":{"line":59,"column":4},"end":{"line":64,"column":5}},"type":"if","locations":[{"start":{"line":59,"column":4},"end":{"line":64,"column":5}},{"start":{},"end":{}}]},"4":{"loc":{"start":{"line":70,"column":6},"end":{"line":74,"column":7}},"type":"if","locations":[{"start":{"line":70,"column":6},"end":{"line":74,"column":7}},{"start":{"line":72,"column":13},"end":{"line":74,"column":7}}]},"5":{"loc":{"start":{"line":79,"column":24},"end":{"line":81,"column":26}},"type":"cond-expr","locations":[{"start":{"line":80,"column":8},"end":{"line":80,"column":43}},{"start":{"line":81,"column":8},"end":{"line":81,"column":26}}]},"6":{"loc":{"start":{"line":82,"column":23},"end":{"line":84,"column":22}},"type":"cond-expr","locations":[{"start":{"line":83,"column":8},"end":{"line":83,"column":49}},{"start":{"line":84,"column":8},"end":{"line":84,"column":22}}]}},"s":{"0":7,"1":7,"2":7,"3":7,"4":7,"5":7,"6":44,"7":44,"8":44,"9":44,"10":44,"11":44,"12":1,"13":44,"14":44,"15":44,"16":44,"17":44,"18":7,"19":7,"20":5,"21":5,"22":5,"23":11,"24":11,"25":1,"26":1,"27":10,"28":33,"29":33,"30":33,"31":33,"32":32,"33":1,"34":10,"35":10,"36":10,"37":10},"f":{"0":44,"1":44,"2":5,"3":33,"4":33},"b":{"0":[44,0],"1":[44,0],"2":[44,0],"3":[1,10],"4":[32,1],"5":[6,4],"6":[3,7]}}
,"/data/funduck/connectrpc-fastify/src/interfaces.ts": {"path":"/data/funduck/connectrpc-fastify/src/interfaces.ts","statementMap":{"0":{"start":{"line":172,"column":0},"end":{"line":172,"column":16}},"1":{"start":{"line":209,"column":0},"end":{"line":209,"column":16}},"2":{"start":{"line":177,"column":2},"end":{"line":181,"column":4}},"3":{"start":{"line":214,"column":2},"end":{"line":218,"column":4}}},"fnMap":{"0":{"name":"middlewareConfig","decl":{"start":{"line":172,"column":16},"end":{"line":172,"column":32}},"loc":{"start":{"line":175,"column":40},"end":{"line":182,"column":1}}},"1":{"name":"interceptorConfig","decl":{"start":{"line":209,"column":16},"end":{"line":209,"column":33}},"loc":{"start":{"line":212,"column":40},"end":{"line":219,"column":1}}}},"branchMap":{},"s":{"0":7,"1":7,"2":27,"3":11},"f":{"0":27,"1":11},"b":{}}
,"/data/funduck/connectrpc-fastify/src/middlewares.ts": {"path":"/data/funduck/connectrpc-fastify/src/middlewares.ts","statementMap":{"0":{"start":{"line":26,"column":0},"end":{"line":26,"column":16}},"1":{"start":{"line":48,"column":0},"end":{"line":48,"column":7}},"2":{"start":{"line":2,"column":0},"end":{"line":2,"column":61}},"3":{"start":{"line":3,"column":0},"end":{"line":3,"column":null}},"4":{"start":{"line":10,"column":0},"end":{"line":10,"column":67}},"5":{"start":{"line":12,"column":13},"end":{"line":12,"column":60}},"6":{"start":{"line":15,"column":20},"end":{"line":15,"column":39}},"7":{"start":{"line":17,"column":2},"end":{"line":17,"column":50}},"8":{"start":{"line":20,"column":2},"end":{"line":22,"column":5}},"9":{"start":{"line":27,"column":20},"end":{"line":27,"column":65}},"10":{"start":{"line":29,"column":2},"end":{"line":35,"column":3}},"11":{"start":{"line":30,"column":30},"end":{"line":30,"column":67}},"12":{"start":{"line":32,"column":4},"end":{"line":34,"column":5}},"13":{"start":{"line":33,"column":6},"end":{"line":33,"column":45}},"14":{"start":{"line":37,"column":2},"end":{"line":37,"column":14}},"15":{"start":{"line":41,"column":20},"end":{"line":41,"column":65}},"16":{"start":{"line":43,"column":2},"end":{"line":45,"column":3}},"17":{"start":{"line":44,"column":4},"end":{"line":44,"column":45}},"18":{"start":{"line":53,"column":2},"end":{"line":60,"column":5}},"19":{"start":{"line":54,"column":4},"end":{"line":54,"column":42}},"20":{"start":{"line":57,"column":4},"end":{"line":59,"column":7}},"21":{"start":{"line":58,"column":6},"end":{"line":58,"column":44}},"22":{"start":{"line":63,"column":2},"end":{"line":82,"column":3}},"23":{"start":{"line":64,"column":31},"end":{"line":64,"column":70}},"24":{"start":{"line":66,"column":4},"end":{"line":71,"column":5}},"25":{"start":{"line":67,"column":6},"end":{"line":69,"column":8}},"26":{"start":{"line":70,"column":6},"end":{"line":70,"column":22}},"27":{"start":{"line":73,"column":24},"end":{"line":75,"column":26}},"28":{"start":{"line":76,"column":23},"end":{"line":78,"column":22}},"29":{"start":{"line":79,"column":4},"end":{"line":81,"column":6}},"30":{"start":{"line":84,"column":23},"end":{"line":84,"column":65}},"31":{"start":{"line":86,"column":2},"end":{"line":101,"column":5}},"32":{"start":{"line":87,"column":16},"end":{"line":87,"column":37}},"33":{"start":{"line":88,"column":20},"end":{"line":88,"column":37}},"34":{"start":{"line":90,"column":4},"end":{"line":100,"column":5}},"35":{"start":{"line":91,"column":6},"end":{"line":94,"column":7}},"36":{"start":{"line":92,"column":35},"end":{"line":92,"column":75}},"37":{"start":{"line":93,"column":8},"end":{"line":93,"column":70}},"38":{"start":{"line":96,"column":6},"end":{"line":96,"column":77}},"39":{"start":{"line":97,"column":6},"end":{"line":99,"column":7}},"40":{"start":{"line":98,"column":8},"end":{"line":98,"column":67}}},"fnMap":{"0":{"name":"setupCustomContextValues","decl":{"start":{"line":14,"column":9},"end":{"line":14,"column":33}},"loc":{"start":{"line":14,"column":60},"end":{"line":23,"column":1}}},"1":{"name":"getCustomContextValues","decl":{"start":{"line":26,"column":16},"end":{"line":26,"column":38}},"loc":{"start":{"line":26,"column":65},"end":{"line":38,"column":1}}},"2":{"name":"clearCustomContextValues","decl":{"start":{"line":40,"column":9},"end":{"line":40,"column":33}},"loc":{"start":{"line":40,"column":60},"end":{"line":46,"column":1}}},"3":{"name":"initMiddlewares","decl":{"start":{"line":48,"column":22},"end":{"line":48,"column":37}},"loc":{"start":{"line":50,"column":44},"end":{"line":102,"column":1}}},"4":{"name":"(anonymous_4)","decl":{"start":{"line":53,"column":30},"end":{"line":53,"column":35}},"loc":{"start":{"line":53,"column":55},"end":{"line":60,"column":3}}},"5":{"name":"(anonymous_5)","decl":{"start":{"line":57,"column":27},"end":{"line":57,"column":30}},"loc":{"start":{"line":57,"column":32},"end":{"line":59,"column":5}}},"6":{"name":"(anonymous_6)","decl":{"start":{"line":86,"column":30},"end":{"line":86,"column":35}},"loc":{"start":{"line":86,"column":55},"end":{"line":101,"column":3}}}},"branchMap":{"0":{"loc":{"start":{"line":29,"column":2},"end":{"line":35,"column":3}},"type":"if","locations":[{"start":{"line":29,"column":2},"end":{"line":35,"column":3}},{"start":{},"end":{}}]},"1":{"loc":{"start":{"line":32,"column":4},"end":{"line":34,"column":5}},"type":"if","locations":[{"start":{"line":32,"column":4},"end":{"line":34,"column":5}},{"start":{},"end":{}}]},"2":{"loc":{"start":{"line":43,"column":2},"end":{"line":45,"column":3}},"type":"if","locations":[{"start":{"line":43,"column":2},"end":{"line":45,"column":3}},{"start":{},"end":{}}]},"3":{"loc":{"start":{"line":66,"column":4},"end":{"line":71,"column":5}},"type":"if","locations":[{"start":{"line":66,"column":4},"end":{"line":71,"column":5}},{"start":{},"end":{}}]},"4":{"loc":{"start":{"line":73,"column":24},"end":{"line":75,"column":26}},"type":"cond-expr","locations":[{"start":{"line":74,"column":8},"end":{"line":74,"column":43}},{"start":{"line":75,"column":8},"end":{"line":75,"column":26}}]},"5":{"loc":{"start":{"line":76,"column":23},"end":{"line":78,"column":22}},"type":"cond-expr","locations":[{"start":{"line":77,"column":8},"end":{"line":77,"column":49}},{"start":{"line":78,"column":8},"end":{"line":78,"column":22}}]},"6":{"loc":{"start":{"line":97,"column":6},"end":{"line":99,"column":7}},"type":"if","locations":[{"start":{"line":97,"column":6},"end":{"line":99,"column":7}},{"start":{},"end":{}}]}},"s":{"0":7,"1":7,"2":7,"3":7,"4":7,"5":7,"6":46,"7":46,"8":46,"9":3,"10":3,"11":2,"12":2,"13":1,"14":2,"15":47,"16":47,"17":47,"18":11,"19":46,"20":46,"21":47,"22":11,"23":27,"24":27,"25":1,"26":1,"27":26,"28":26,"29":26,"30":10,"31":10,"32":46,"33":46,"34":46,"35":46,"36":118,"37":118,"38":2,"39":2,"40":1},"f":{"0":46,"1":3,"2":47,"3":11,"4":46,"5":47,"6":46},"b":{"0":[2,1],"1":[1,1],"2":[47,0],"3":[1,26],"4":[16,10],"5":[8,18],"6":[1,1]}}
,"/data/funduck/connectrpc-fastify/src/stores.ts": {"path":"/data/funduck/connectrpc-fastify/src/stores.ts","statementMap":{"0":{"start":{"line":3,"column":0},"end":{"line":3,"column":39}},"1":{"start":{"line":7,"column":10},"end":{"line":13,"column":6}},"2":{"start":{"line":16,"column":4},"end":{"line":19,"column":8}},"3":{"start":{"line":16,"column":75},"end":{"line":19,"column":6}},"4":{"start":{"line":24,"column":4},"end":{"line":24,"column":29}},"5":{"start":{"line":31,"column":28},"end":{"line":31,"column":57}},"6":{"start":{"line":32,"column":4},"end":{"line":36,"column":5}},"7":{"start":{"line":33,"column":6},"end":{"line":35,"column":8}},"8":{"start":{"line":37,"column":4},"end":{"line":40,"column":7}},"9":{"start":{"line":44,"column":13},"end":{"line":44,"column":60}},"10":{"start":{"line":50,"column":10},"end":{"line":50,"column":64}},"11":{"start":{"line":54,"column":4},"end":{"line":54,"column":29}},"12":{"start":{"line":61,"column":28},"end":{"line":61,"column":64}},"13":{"start":{"line":62,"column":4},"end":{"line":66,"column":5}},"14":{"start":{"line":63,"column":6},"end":{"line":65,"column":8}},"15":{"start":{"line":67,"column":4},"end":{"line":67,"column":48}},"16":{"start":{"line":74,"column":4},"end":{"line":74,"column":57}},"17":{"start":{"line":78,"column":13},"end":{"line":78,"column":58}},"18":{"start":{"line":84,"column":10},"end":{"line":94,"column":6}},"19":{"start":{"line":98,"column":4},"end":{"line":98,"column":24}},"20":{"start":{"line":118,"column":21},"end":{"line":118,"column":52}},"21":{"start":{"line":119,"column":4},"end":{"line":126,"column":7}},"22":{"start":{"line":133,"column":4},"end":{"line":133,"column":56}},"23":{"start":{"line":140,"column":4},"end":{"line":140,"column":45}},"24":{"start":{"line":144,"column":13},"end":{"line":144,"column":64}},"25":{"start":{"line":158,"column":10},"end":{"line":158,"column":58}},"26":{"start":{"line":162,"column":4},"end":{"line":162,"column":26}},"27":{"start":{"line":169,"column":4},"end":{"line":169,"column":42}},"28":{"start":{"line":176,"column":4},"end":{"line":176,"column":48}},"29":{"start":{"line":183,"column":4},"end":{"line":183,"column":36}},"30":{"start":{"line":187,"column":13},"end":{"line":187,"column":72}},"31":{"start":{"line":190,"column":10},"end":{"line":190,"column":48}},"32":{"start":{"line":194,"column":4},"end":{"line":194,"column":30}},"33":{"start":{"line":201,"column":29},"end":{"line":201,"column":66}},"34":{"start":{"line":202,"column":16},"end":{"line":202,"column":37}},"35":{"start":{"line":203,"column":4},"end":{"line":207,"column":5}},"36":{"start":{"line":204,"column":6},"end":{"line":206,"column":8}},"37":{"start":{"line":208,"column":4},"end":{"line":208,"column":37}},"38":{"start":{"line":215,"column":16},"end":{"line":215,"column":37}},"39":{"start":{"line":216,"column":4},"end":{"line":216,"column":46}},"40":{"start":{"line":220,"column":13},"end":{"line":220,"column":60}}},"fnMap":{"0":{"name":"(anonymous_0)","decl":{"start":{"line":6,"column":0},"end":{"line":6,"column":6}},"loc":{"start":{"line":6,"column":0},"end":{"line":42,"column":1}}},"1":{"name":"(anonymous_1)","decl":{"start":{"line":15,"column":2},"end":{"line":15,"column":8}},"loc":{"start":{"line":15,"column":8},"end":{"line":20,"column":3}}},"2":{"name":"(anonymous_2)","decl":{"start":{"line":16,"column":54},"end":{"line":16,"column":55}},"loc":{"start":{"line":16,"column":75},"end":{"line":19,"column":6}}},"3":{"name":"(anonymous_3)","decl":{"start":{"line":23,"column":2},"end":{"line":23,"column":7}},"loc":{"start":{"line":23,"column":7},"end":{"line":25,"column":3}}},"4":{"name":"(anonymous_4)","decl":{"start":{"line":27,"column":2},"end":{"line":27,"column":18}},"loc":{"start":{"line":29,"column":26},"end":{"line":41,"column":3}}},"5":{"name":"(anonymous_5)","decl":{"start":{"line":49,"column":0},"end":{"line":49,"column":6}},"loc":{"start":{"line":49,"column":0},"end":{"line":76,"column":1}}},"6":{"name":"(anonymous_6)","decl":{"start":{"line":53,"column":2},"end":{"line":53,"column":7}},"loc":{"start":{"line":53,"column":7},"end":{"line":55,"column":3}}},"7":{"name":"(anonymous_7)","decl":{"start":{"line":60,"column":2},"end":{"line":60,"column":18}},"loc":{"start":{"line":60,"column":35},"end":{"line":68,"column":3}}},"8":{"name":"(anonymous_8)","decl":{"start":{"line":73,"column":2},"end":{"line":73,"column":13}},"loc":{"start":{"line":73,"column":47},"end":{"line":75,"column":3}}},"9":{"name":"(anonymous_9)","decl":{"start":{"line":83,"column":0},"end":{"line":83,"column":6}},"loc":{"start":{"line":83,"column":0},"end":{"line":142,"column":1}}},"10":{"name":"(anonymous_10)","decl":{"start":{"line":97,"column":2},"end":{"line":97,"column":7}},"loc":{"start":{"line":97,"column":7},"end":{"line":99,"column":3}}},"11":{"name":"(anonymous_11)","decl":{"start":{"line":110,"column":2},"end":{"line":110,"column":15}},"loc":{"start":{"line":116,"column":17},"end":{"line":127,"column":3}}},"12":{"name":"(anonymous_12)","decl":{"start":{"line":132,"column":2},"end":{"line":132,"column":18}},"loc":{"start":{"line":132,"column":34},"end":{"line":134,"column":3}}},"13":{"name":"(anonymous_13)","decl":{"start":{"line":139,"column":2},"end":{"line":139,"column":14}},"loc":{"start":{"line":139,"column":14},"end":{"line":141,"column":3}}},"14":{"name":"(anonymous_14)","decl":{"start":{"line":157,"column":0},"end":{"line":157,"column":6}},"loc":{"start":{"line":157,"column":0},"end":{"line":185,"column":1}}},"15":{"name":"(anonymous_15)","decl":{"start":{"line":161,"column":2},"end":{"line":161,"column":7}},"loc":{"start":{"line":161,"column":7},"end":{"line":163,"column":3}}},"16":{"name":"(anonymous_16)","decl":{"start":{"line":168,"column":2},"end":{"line":168,"column":5}},"loc":{"start":{"line":168,"column":51},"end":{"line":170,"column":3}}},"17":{"name":"(anonymous_17)","decl":{"start":{"line":175,"column":2},"end":{"line":175,"column":5}},"loc":{"start":{"line":175,"column":23},"end":{"line":177,"column":3}}},"18":{"name":"(anonymous_18)","decl":{"start":{"line":182,"column":2},"end":{"line":182,"column":8}},"loc":{"start":{"line":182,"column":26},"end":{"line":184,"column":3}}},"19":{"name":"(anonymous_19)","decl":{"start":{"line":189,"column":0},"end":{"line":189,"column":6}},"loc":{"start":{"line":189,"column":0},"end":{"line":218,"column":1}}},"20":{"name":"(anonymous_20)","decl":{"start":{"line":193,"column":2},"end":{"line":193,"column":7}},"loc":{"start":{"line":193,"column":7},"end":{"line":195,"column":3}}},"21":{"name":"(anonymous_21)","decl":{"start":{"line":200,"column":2},"end":{"line":200,"column":18}},"loc":{"start":{"line":200,"column":36},"end":{"line":209,"column":3}}},"22":{"name":"(anonymous_22)","decl":{"start":{"line":214,"column":2},"end":{"line":214,"column":13}},"loc":{"start":{"line":214,"column":49},"end":{"line":217,"column":3}}}},"branchMap":{"0":{"loc":{"start":{"line":32,"column":4},"end":{"line":36,"column":5}},"type":"if","locations":[{"start":{"line":32,"column":4},"end":{"line":36,"column":5}},{"start":{},"end":{}}]},"1":{"loc":{"start":{"line":62,"column":4},"end":{"line":66,"column":5}},"type":"if","locations":[{"start":{"line":62,"column":4},"end":{"line":66,"column":5}},{"start":{},"end":{}}]},"2":{"loc":{"start":{"line":74,"column":11},"end":{"line":74,"column":56}},"type":"binary-expr","locations":[{"start":{"line":74,"column":11},"end":{"line":74,"column":48}},{"start":{"line":74,"column":52},"end":{"line":74,"column":56}}]},"3":{"loc":{"start":{"line":133,"column":11},"end":{"line":133,"column":55}},"type":"binary-expr","locations":[{"start":{"line":133,"column":11},"end":{"line":133,"column":47}},{"start":{"line":133,"column":51},"end":{"line":133,"column":55}}]},"4":{"loc":{"start":{"line":176,"column":11},"end":{"line":176,"column":47}},"type":"binary-expr","locations":[{"start":{"line":176,"column":11},"end":{"line":176,"column":39}},{"start":{"line":176,"column":43},"end":{"line":176,"column":47}}]},"5":{"loc":{"start":{"line":203,"column":4},"end":{"line":207,"column":5}},"type":"if","locations":[{"start":{"line":203,"column":4},"end":{"line":207,"column":5}},{"start":{},"end":{}}]},"6":{"loc":{"start":{"line":216,"column":11},"end":{"line":216,"column":45}},"type":"binary-expr","locations":[{"start":{"line":216,"column":11},"end":{"line":216,"column":37}},{"start":{"line":216,"column":41},"end":{"line":216,"column":45}}]}},"s":{"0":8,"1":8,"2":10,"3":9,"4":37,"5":12,"6":12,"7":1,"8":11,"9":8,"10":8,"11":37,"12":30,"13":30,"14":1,"15":29,"16":148,"17":8,"18":8,"19":37,"20":29,"21":29,"22":48,"23":1,"24":8,"25":8,"26":22,"27":52,"28":53,"29":48,"30":8,"31":8,"32":37,"33":14,"34":14,"35":14,"36":1,"37":13,"38":14,"39":14,"40":8},"f":{"0":8,"1":10,"2":9,"3":37,"4":12,"5":8,"6":37,"7":30,"8":148,"9":8,"10":37,"11":29,"12":48,"13":1,"14":8,"15":22,"16":52,"17":53,"18":48,"19":8,"20":37,"21":14,"22":14},"b":{"0":[1,11],"1":[1,29],"2":[148,3],"3":[48,2],"4":[53,5],"5":[1,13],"6":[14,3]}}
}
