TN:
SF:src/connectrpc.ts
FN:23,(anonymous_0)
FN:28,(anonymous_1)
FN:33,(anonymous_2)
FN:38,(anonymous_3)
FN:46,(anonymous_4)
FN:67,(anonymous_5)
FN:74,(anonymous_6)
FN:78,(anonymous_7)
FN:82,(anonymous_8)
FNF:9
FNH:9
FNDA:13,(anonymous_0)
FNDA:24,(anonymous_1)
FNDA:9,(anonymous_2)
FNDA:8,(anonymous_3)
FNDA:8,(anonymous_4)
FNDA:12,(anonymous_5)
FNDA:3,(anonymous_6)
FNDA:8,(anonymous_7)
FNDA:8,(anonymous_8)
DA:3,7
DA:4,7
DA:5,7
DA:14,7
DA:15,7
DA:24,13
DA:29,24
DA:34,9
DA:42,8
DA:54,8
DA:55,8
DA:57,8
DA:58,3
DA:60,8
DA:61,8
DA:62,8
DA:68,12
DA:69,12
DA:70,12
DA:71,12
DA:75,3
DA:79,8
DA:86,8
DA:93,7
LF:24
LH:24
BRDA:54,0,0,8
BRDA:54,0,1,0
BRDA:57,1,0,3
BRDA:57,1,1,5
BRDA:61,2,0,8
BRDA:61,2,1,0
BRF:6
BRH:4
end_of_record
TN:
SF:src/context-values.ts
FN:12,(anonymous_0)
FN:18,(anonymous_1)
FN:28,(anonymous_2)
FN:36,(anonymous_3)
FN:45,(anonymous_4)
FN:55,createCustomContextValues
FNF:6
FNH:6
FNDA:74,(anonymous_0)
FNDA:17,(anonymous_1)
FNDA:23,(anonymous_2)
FNDA:5,(anonymous_3)
FNDA:47,(anonymous_4)
FNDA:55,createCustomContextValues
DA:1,9
DA:12,9
DA:13,74
DA:19,17
DA:20,12
DA:22,5
DA:29,23
DA:30,23
DA:37,5
DA:38,5
DA:46,47
DA:47,6
DA:55,9
DA:56,55
DA:59,9
DA:62,9
LF:16
LH:16
BRDA:19,0,0,12
BRDA:19,0,1,5
BRF:2
BRH:2
end_of_record
TN:
SF:src/fastify-plugin.ts
FN:10,registerFastifyPlugin
FN:61,(anonymous_1)
FNF:2
FNH:2
FNDA:8,registerFastifyPlugin
FNDA:8,(anonymous_1)
DA:3,7
DA:6,7
DA:7,7
DA:8,7
DA:10,7
DA:17,8
DA:19,8
DA:21,8
DA:24,8
DA:25,24
DA:27,24
DA:29,24
DA:30,24
DA:32,24
DA:34,24
DA:35,24
DA:38,24
DA:47,24
DA:51,0
DA:58,8
DA:61,8
DA:62,8
DA:63,8
DA:64,8
DA:68,8
DA:69,0
DA:70,0
DA:73,8
DA:86,8
LF:29
LH:26
BRDA:12,0,0,8
BRDA:29,1,0,24
BRDA:29,1,1,0
BRDA:32,2,0,24
BRDA:32,2,1,0
BRDA:68,3,0,0
BRDA:68,3,1,8
BRDA:81,4,0,8
BRDA:81,4,1,8
BRF:9
BRH:6
end_of_record
TN:
SF:src/helpers.ts
FN:9,callMiddlewareAsync
FN:14,(anonymous_1)
FN:16,(anonymous_2)
FN:32,convertMiddlewareToHook
FN:35,(anonymous_4)
FN:41,(anonymous_5)
FN:44,(anonymous_6)
FN:47,(anonymous_7)
FN:50,(anonymous_8)
FN:53,(anonymous_9)
FN:58,setLogger
FN:63,(anonymous_11)
FN:64,(anonymous_12)
FN:65,(anonymous_13)
FN:66,(anonymous_14)
FN:67,(anonymous_15)
FN:78,generateRequestId
FN:83,buildRouteConfigChecker
FN:86,(anonymous_18)
FN:90,(anonymous_19)
FN:95,(anonymous_20)
FN:133,getURLPath
FNF:22
FNH:13
FNDA:118,callMiddlewareAsync
FNDA:118,(anonymous_1)
FNDA:118,(anonymous_2)
FNDA:0,convertMiddlewareToHook
FNDA:0,(anonymous_4)
FNDA:3,(anonymous_5)
FNDA:4,(anonymous_6)
FNDA:0,(anonymous_7)
FNDA:0,(anonymous_8)
FNDA:0,(anonymous_9)
FNDA:13,setLogger
FNDA:73,(anonymous_11)
FNDA:0,(anonymous_12)
FNDA:0,(anonymous_13)
FNDA:0,(anonymous_14)
FNDA:0,(anonymous_15)
FNDA:46,generateRequestId
FNDA:15,buildRouteConfigChecker
FNDA:37,(anonymous_18)
FNDA:11,(anonymous_19)
FNDA:79,(anonymous_20)
FNDA:81,getURLPath
DA:9,8
DA:14,118
DA:15,118
DA:16,118
DA:17,118
DA:18,2
DA:20,116
DA:24,0
DA:32,8
DA:35,0
DA:36,0
DA:40,8
DA:42,3
DA:45,4
DA:48,0
DA:51,0
DA:54,0
DA:58,8
DA:59,13
DA:60,13
DA:62,13
DA:70,13
DA:72,0
DA:78,8
DA:79,46
DA:83,8
DA:86,37
DA:90,11
DA:95,15
DA:98,79
DA:100,79
DA:102,0
DA:105,79
DA:107,79
DA:109,79
DA:111,233
DA:112,66
DA:116,167
DA:117,0
DA:121,167
DA:122,17
DA:125,150
DA:128,79
DA:133,8
DA:134,81
LF:45
LH:36
BRDA:17,0,0,2
BRDA:17,0,1,116
BRDA:59,1,0,13
BRDA:59,1,1,0
BRDA:60,2,0,13
BRDA:60,2,1,0
BRDA:90,3,0,37
BRDA:90,3,1,26
BRDA:100,4,0,0
BRDA:100,4,1,79
BRDA:111,5,0,66
BRDA:111,5,1,167
BRDA:111,6,0,233
BRDA:111,6,1,99
BRDA:116,7,0,0
BRDA:116,7,1,167
BRDA:116,8,0,167
BRDA:116,8,1,110
BRDA:121,9,0,17
BRDA:121,9,1,150
BRDA:121,10,0,167
BRDA:121,10,1,55
BRDA:134,11,0,81
BRDA:134,11,1,3
BRF:24
BRH:20
end_of_record
TN:
SF:src/index.ts
FN:1,printMsg
FN:7,(anonymous_1)
FN:10,(anonymous_2)
FN:11,(anonymous_3)
FN:12,(anonymous_4)
FN:13,(anonymous_5)
FN:16,(anonymous_6)
FN:16,(anonymous_7)
FN:30,(anonymous_8)
FNF:9
FNH:4
FNDA:3,printMsg
FNDA:62,(anonymous_1)
FNDA:0,(anonymous_2)
FNDA:0,(anonymous_3)
FNDA:0,(anonymous_4)
FNDA:0,(anonymous_5)
FNDA:0,(anonymous_6)
FNDA:24,(anonymous_7)
FNDA:1,(anonymous_8)
DA:1,5
DA:2,3
DA:7,67
DA:9,5
DA:10,5
DA:11,5
DA:12,5
DA:13,5
DA:16,29
DA:30,6
LF:10
LH:10
BRF:0
BRH:0
end_of_record
TN:
SF:src/interceptors.ts
FN:20,(anonymous_0)
FN:20,(anonymous_1)
FN:52,initInterceptors
FN:67,(anonymous_3)
FN:67,(anonymous_4)
FNF:5
FNH:5
FNDA:44,(anonymous_0)
FNDA:44,(anonymous_1)
FNDA:5,initInterceptors
FNDA:33,(anonymous_3)
FNDA:33,(anonymous_4)
DA:2,7
DA:6,7
DA:8,7
DA:9,7
DA:20,44
DA:22,44
DA:24,44
DA:25,44
DA:27,44
DA:29,44
DA:30,1
DA:38,44
DA:39,44
DA:41,44
DA:42,44
DA:46,44
DA:50,7
DA:52,7
DA:53,5
DA:54,5
DA:56,5
DA:57,11
DA:59,11
DA:60,1
DA:63,1
DA:67,33
DA:68,33
DA:69,33
DA:70,33
DA:71,32
DA:73,1
DA:77,10
DA:79,10
DA:82,10
DA:85,10
LF:35
LH:35
BRDA:24,0,0,44
BRDA:24,0,1,0
BRDA:27,1,0,44
BRDA:27,1,1,0
BRDA:39,2,0,44
BRDA:39,2,1,0
BRDA:59,3,0,1
BRDA:59,3,1,10
BRDA:70,4,0,32
BRDA:70,4,1,1
BRDA:79,5,0,6
BRDA:79,5,1,4
BRDA:82,6,0,3
BRDA:82,6,1,7
BRF:14
BRH:11
end_of_record
TN:
SF:src/interfaces.ts
FN:172,middlewareConfig
FN:209,interceptorConfig
FNF:2
FNH:2
FNDA:27,middlewareConfig
FNDA:11,interceptorConfig
DA:172,7
DA:177,27
DA:209,7
DA:214,11
LF:4
LH:4
BRF:0
BRH:0
end_of_record
TN:
SF:src/middlewares.ts
FN:14,setupCustomContextValues
FN:26,getCustomContextValues
FN:40,clearCustomContextValues
FN:48,initMiddlewares
FN:53,(anonymous_4)
FN:57,(anonymous_5)
FN:86,(anonymous_6)
FNF:7
FNH:7
FNDA:46,setupCustomContextValues
FNDA:3,getCustomContextValues
FNDA:47,clearCustomContextValues
FNDA:11,initMiddlewares
FNDA:46,(anonymous_4)
FNDA:47,(anonymous_5)
FNDA:46,(anonymous_6)
DA:2,7
DA:3,7
DA:10,7
DA:12,7
DA:15,46
DA:17,46
DA:20,46
DA:26,7
DA:27,3
DA:29,3
DA:30,2
DA:32,2
DA:33,1
DA:37,2
DA:41,47
DA:43,47
DA:44,47
DA:48,7
DA:53,11
DA:54,46
DA:57,46
DA:58,47
DA:63,11
DA:64,27
DA:66,27
DA:67,1
DA:70,1
DA:73,26
DA:76,26
DA:79,26
DA:84,10
DA:86,10
DA:87,46
DA:88,46
DA:90,46
DA:91,46
DA:92,118
DA:93,118
DA:96,2
DA:97,2
DA:98,1
LF:41
LH:41
BRDA:29,0,0,2
BRDA:29,0,1,1
BRDA:32,1,0,1
BRDA:32,1,1,1
BRDA:43,2,0,47
BRDA:43,2,1,0
BRDA:66,3,0,1
BRDA:66,3,1,26
BRDA:73,4,0,16
BRDA:73,4,1,10
BRDA:76,5,0,8
BRDA:76,5,1,18
BRDA:97,6,0,1
BRDA:97,6,1,1
BRF:14
BRH:13
end_of_record
TN:
SF:src/stores.ts
FN:6,(anonymous_0)
FN:15,(anonymous_1)
FN:16,(anonymous_2)
FN:23,(anonymous_3)
FN:27,(anonymous_4)
FN:49,(anonymous_5)
FN:53,(anonymous_6)
FN:60,(anonymous_7)
FN:73,(anonymous_8)
FN:83,(anonymous_9)
FN:97,(anonymous_10)
FN:110,(anonymous_11)
FN:132,(anonymous_12)
FN:139,(anonymous_13)
FN:157,(anonymous_14)
FN:161,(anonymous_15)
FN:168,(anonymous_16)
FN:175,(anonymous_17)
FN:182,(anonymous_18)
FN:189,(anonymous_19)
FN:193,(anonymous_20)
FN:200,(anonymous_21)
FN:214,(anonymous_22)
FNF:23
FNH:23
FNDA:8,(anonymous_0)
FNDA:10,(anonymous_1)
FNDA:9,(anonymous_2)
FNDA:37,(anonymous_3)
FNDA:12,(anonymous_4)
FNDA:8,(anonymous_5)
FNDA:37,(anonymous_6)
FNDA:30,(anonymous_7)
FNDA:148,(anonymous_8)
FNDA:8,(anonymous_9)
FNDA:37,(anonymous_10)
FNDA:29,(anonymous_11)
FNDA:48,(anonymous_12)
FNDA:1,(anonymous_13)
FNDA:8,(anonymous_14)
FNDA:22,(anonymous_15)
FNDA:52,(anonymous_16)
FNDA:53,(anonymous_17)
FNDA:48,(anonymous_18)
FNDA:8,(anonymous_19)
FNDA:37,(anonymous_20)
FNDA:14,(anonymous_21)
FNDA:14,(anonymous_22)
DA:3,8
DA:7,8
DA:16,10
DA:24,37
DA:31,12
DA:32,12
DA:33,1
DA:37,11
DA:44,8
DA:50,8
DA:54,37
DA:61,30
DA:62,30
DA:63,1
DA:67,29
DA:74,148
DA:78,8
DA:84,8
DA:98,37
DA:118,29
DA:119,29
DA:133,48
DA:140,1
DA:144,8
DA:158,8
DA:162,22
DA:169,52
DA:176,53
DA:183,48
DA:187,8
DA:190,8
DA:194,37
DA:201,14
DA:202,14
DA:203,14
DA:204,1
DA:208,13
DA:215,14
DA:216,14
DA:220,8
LF:40
LH:40
BRDA:32,0,0,1
BRDA:32,0,1,11
BRDA:62,1,0,1
BRDA:62,1,1,29
BRDA:74,2,0,148
BRDA:74,2,1,3
BRDA:133,3,0,48
BRDA:133,3,1,2
BRDA:176,4,0,53
BRDA:176,4,1,5
BRDA:203,5,0,1
BRDA:203,5,1,13
BRDA:216,6,0,14
BRDA:216,6,1,3
BRF:14
BRH:14
end_of_record
